<?xml version="1.0" encoding="UTF-8"?>
<robot generator="Robot 5.0.1 (Python 3.10.5 on win32)" generated="20220802 15:04:07.581" rpa="false" schemaversion="3">
<suite id="s1" name="Test" source="C:\Users\sankhya\Desktop\Treinamento Automação Sankhya\test">
<suite id="s1-s1" name="Variaveis" source="C:\Users\sankhya\Desktop\Treinamento Automação Sankhya\test\Variaveis.robot">
<test id="s1-s1-t1" name="Exercicio1 -imprimir Dicionario com dados pessoai" line="5">
<kw name="Tenho um Dicionario com dados pessoais e imprimo ele" library="resource">
<kw name="Log To Console" library="BuiltIn">
<arg>\n Variavel completa ${Pessoa}</arg>
<doc>Logs the given message to the console.</doc>
<status status="PASS" starttime="20220802 15:04:07.614" endtime="20220802 15:04:07.615"/>
</kw>
<kw name="Log To Console" library="BuiltIn">
<arg>\n Meu Nome ${Pessoa.nome}</arg>
<doc>Logs the given message to the console.</doc>
<status status="PASS" starttime="20220802 15:04:07.615" endtime="20220802 15:04:07.615"/>
</kw>
<kw name="Log To Console" library="BuiltIn">
<arg>\n Meu sobrenome ${Pessoa.sobrenome}</arg>
<doc>Logs the given message to the console.</doc>
<status status="PASS" starttime="20220802 15:04:07.615" endtime="20220802 15:04:07.616"/>
</kw>
<kw name="Log To Console" library="BuiltIn">
<arg>\n Minha idade ${Pessoa.idade}</arg>
<doc>Logs the given message to the console.</doc>
<status status="PASS" starttime="20220802 15:04:07.616" endtime="20220802 15:04:07.616"/>
</kw>
<kw name="Log To Console" library="BuiltIn">
<arg>\n cidade onde habito ${Pessoa.cidade}</arg>
<doc>Logs the given message to the console.</doc>
<status status="PASS" starttime="20220802 15:04:07.617" endtime="20220802 15:04:07.617"/>
</kw>
<kw name="Log To Console" library="BuiltIn">
<arg>\n empresa ${Pessoa.empresa}</arg>
<doc>Logs the given message to the console.</doc>
<status status="PASS" starttime="20220802 15:04:07.617" endtime="20220802 15:04:07.618"/>
</kw>
<kw name="Log To Console" library="BuiltIn">
<arg>\n Minha profissao ${Pessoa.profissao}</arg>
<doc>Logs the given message to the console.</doc>
<status status="PASS" starttime="20220802 15:04:07.618" endtime="20220802 15:04:07.619"/>
</kw>
<status status="PASS" starttime="20220802 15:04:07.614" endtime="20220802 15:04:07.619"/>
</kw>
<doc>teste para imprimir Dicionario com dados pessoais</doc>
<tag>Dicionario</tag>
<status status="PASS" starttime="20220802 15:04:07.613" endtime="20220802 15:04:07.619"/>
</test>
<test id="s1-s1-t2" name="Exercicio2 - imprimir uma lista de Frutas" line="10">
<kw name="Tenho um lista de Futras e imprimo elas" library="resource">
<kw name="Log To Console" library="BuiltIn">
<arg>\n Lista de Futras: \n ${Lista_Frutas}[0] \n ${Lista_Frutas}[1] \n ${Lista_Frutas}[2] \n ${Lista_Frutas}[3] \n ${Lista_Frutas}[4] \n ${Lista_Frutas}[5]</arg>
<doc>Logs the given message to the console.</doc>
<status status="PASS" starttime="20220802 15:04:07.620" endtime="20220802 15:04:07.621"/>
</kw>
<status status="PASS" starttime="20220802 15:04:07.620" endtime="20220802 15:04:07.621"/>
</kw>
<doc>imprimir lista de Frutas</doc>
<tag>Lista</tag>
<status status="PASS" starttime="20220802 15:04:07.620" endtime="20220802 15:04:07.622"/>
</test>
<status status="PASS" starttime="20220802 15:04:07.602" endtime="20220802 15:04:07.623"/>
</suite>
<status status="PASS" starttime="20220802 15:04:07.583" endtime="20220802 15:04:07.624"/>
</suite>
<statistics>
<total>
<stat pass="2" fail="0" skip="0">All Tests</stat>
</total>
<tag>
<stat pass="1" fail="0" skip="0">Dicionario</stat>
<stat pass="1" fail="0" skip="0">Lista</stat>
</tag>
<suite>
<stat pass="2" fail="0" skip="0" id="s1" name="Test">Test</stat>
<stat pass="2" fail="0" skip="0" id="s1-s1" name="Variaveis">Test.Variaveis</stat>
</suite>
</statistics>
<errors>
</errors>
</robot>
